  TRCRoverNavigation.cpp
c:\users\jason\source\repos\trcrovernavigation\trcrovernavigation\trcrovernavigation.cpp(52): warning C4305: '正在初始化': 從 'double' 轉換為 'float'，是由較大的類型轉換為較小的類型，可能導致資料遺失
c:\users\jason\source\repos\trcrovernavigation\trcrovernavigation\trcrovernavigation.cpp(53): warning C4305: '正在初始化': 從 'double' 轉換為 'float'，是由較大的類型轉換為較小的類型，可能導致資料遺失
c:\users\jason\source\repos\trcrovernavigation\trcrovernavigation\trcrovernavigation.cpp(54): warning C4305: '正在初始化': 從 'double' 轉換為 'float'，是由較大的類型轉換為較小的類型，可能導致資料遺失
c:\users\jason\source\repos\trcrovernavigation\trcrovernavigation\trcrovernavigation.cpp(56): warning C4305: '正在初始化': 從 'double' 轉換為 'float'，是由較大的類型轉換為較小的類型，可能導致資料遺失
c:\users\jason\source\repos\trcrovernavigation\trcrovernavigation\trcrovernavigation.cpp(441): warning C4244: '=': 將 'double' 轉換為 'int'，由於類型不同，可能導致資料遺失
c:\users\jason\source\repos\trcrovernavigation\trcrovernavigation\trcrovernavigation.cpp(442): warning C4244: '=': 將 'double' 轉換為 'int'，由於類型不同，可能導致資料遺失
c:\users\jason\source\repos\trcrovernavigation\trcrovernavigation\trcrovernavigation.cpp(443): warning C4244: '=': 將 'double' 轉換為 'int'，由於類型不同，可能導致資料遺失
c:\users\jason\source\repos\trcrovernavigation\trcrovernavigation\trcrovernavigation.cpp(474): warning C4244: '=': 將 'double' 轉換為 'int'，由於類型不同，可能導致資料遺失
c:\users\jason\source\repos\trcrovernavigation\trcrovernavigation\trcrovernavigation.cpp(475): warning C4244: '=': 將 'double' 轉換為 'int'，由於類型不同，可能導致資料遺失
c:\users\jason\source\repos\trcrovernavigation\trcrovernavigation\trcrovernavigation.cpp(476): warning C4244: '=': 將 'double' 轉換為 'int'，由於類型不同，可能導致資料遺失
c:\users\jason\source\repos\trcrovernavigation\trcrovernavigation\trcrovernavigation.cpp(493): warning C4244: '=': 將 'double' 轉換為 'float'，由於類型不同，可能導致資料遺失
c:\users\jason\source\repos\trcrovernavigation\trcrovernavigation\trcrovernavigation.cpp(494): warning C4244: '=': 將 'double' 轉換為 'float'，由於類型不同，可能導致資料遺失
c:\users\jason\source\repos\trcrovernavigation\trcrovernavigation\trcrovernavigation.cpp(502): warning C4244: '=': 將 'double' 轉換為 'float'，由於類型不同，可能導致資料遺失
c:\users\jason\source\repos\trcrovernavigation\trcrovernavigation\trcrovernavigation.cpp(503): warning C4244: '=': 將 'double' 轉換為 'float'，由於類型不同，可能導致資料遺失
c:\users\jason\source\repos\trcrovernavigation\trcrovernavigation\trcrovernavigation.cpp(734): warning C4244: '=': 將 'float' 轉換為 'int'，由於類型不同，可能導致資料遺失
c:\users\jason\source\repos\trcrovernavigation\trcrovernavigation\trcrovernavigation.cpp(735): warning C4244: '=': 將 'float' 轉換為 'int'，由於類型不同，可能導致資料遺失
c:\users\jason\source\repos\trcrovernavigation\trcrovernavigation\trcrovernavigation.cpp(736): warning C4244: '=': 將 'float' 轉換為 'int'，由於類型不同，可能導致資料遺失
c:\users\jason\source\repos\trcrovernavigation\trcrovernavigation\trcrovernavigation.cpp(742): warning C4244: '=': 將 'int' 轉換為 'float'，由於類型不同，可能導致資料遺失
c:\users\jason\source\repos\trcrovernavigation\trcrovernavigation\trcrovernavigation.cpp(743): warning C4244: '=': 將 'int' 轉換為 'float'，由於類型不同，可能導致資料遺失
c:\users\jason\source\repos\trcrovernavigation\trcrovernavigation\trcrovernavigation.cpp(744): warning C4244: '=': 將 'int' 轉換為 'float'，由於類型不同，可能導致資料遺失
  TRCRoverNavigation.vcxproj -> C:\Users\jason\source\repos\TRCRoverNavigation\x64\Debug\TRCRoverNavigation.exe
